<?xml version="1.0" encoding="UTF-8"?>
<testsuite xmlns:xsi="http://www.w3.org/2001/XMLSchema-instance" xsi:noNamespaceSchemaLocation="https://maven.apache.org/surefire/maven-surefire-plugin/xsd/surefire-test-report-3.0.xsd" version="3.0" name="TestSuite" time="1.997" tests="2" errors="0" skipped="0" failures="0">
  <properties>
[...]
</properties>
  <testcase name="baseUrlReturns200" classname="testMaven.TestGet200Test" time="0.853"/>
  <testcase name="rateLimit" classname="testMaven.TestGet200Test" time="0.345"/>
</testsuite>