<?xml version="1.0" encoding="UTF-8"?>
<testng-results ignored="0" total="2" passed="2" failed="0" skipped="0">
  <reporter-output>
  </reporter-output>
  <suite started-at="2020-06-25T18:59:33 IST" name="Default suite" finished-at="2020-06-25T18:59:35 IST" duration-ms="1990">
    <groups>
    </groups>
    <test started-at="2020-06-25T18:59:33 IST" name="Default test" finished-at="2020-06-25T18:59:35 IST" duration-ms="1990">
      <class name="testMaven.TestGet200Test">
        <test-method is-config="true" signature="setup()[pri:0, instance:testMaven.TestGet200Test@223f3642]" started-at="2020-06-25T18:59:33 IST" name="setup" finished-at="2020-06-25T18:59:33 IST" duration-ms="279" status="PASS">
          <reporter-output>
          </reporter-output>
        </test-method> <!-- setup -->
        <test-method signature="baseUrlReturns200()[pri:0, instance:testMaven.TestGet200Test@223f3642]" started-at="2020-06-25T18:59:33 IST" name="baseUrlReturns200" finished-at="2020-06-25T18:59:35 IST" duration-ms="1233" status="PASS">
          <reporter-output>
          </reporter-output>
        </test-method> <!-- baseUrlReturns200 -->
        <test-method signature="rateLimit()[pri:0, instance:testMaven.TestGet200Test@223f3642]" started-at="2020-06-25T18:59:35 IST" name="rateLimit" finished-at="2020-06-25T18:59:35 IST" duration-ms="429" status="PASS">
          <reporter-output>
          </reporter-output>
        </test-method> <!-- rateLimit -->
        <test-method is-config="true" signature="tearDown()[pri:0, instance:testMaven.TestGet200Test@223f3642]" started-at="2020-06-25T18:59:35 IST" name="tearDown" finished-at="2020-06-25T18:59:35 IST" duration-ms="12" status="PASS">
          <reporter-output>
          </reporter-output>
        </test-method> <!-- tearDown -->
      </class> <!-- testMaven.TestGet200Test -->
    </test> <!-- Default test -->
  </suite> <!-- Default suite -->
</testng-results>
