<?xml version="1.0" encoding="UTF-8"?>
<testng-results ignored="0" total="2" passed="2" failed="0" skipped="0">
  <reporter-output>
  </reporter-output>
  <suite started-at="2020-06-25T17:07:45 IST" name="Default suite" finished-at="2020-06-25T17:07:48 IST" duration-ms="3028">
    <groups>
    </groups>
    <test started-at="2020-06-25T17:07:45 IST" name="Default test" finished-at="2020-06-25T17:07:48 IST" duration-ms="3028">
      <class name="ResponseHeaderTest">
        <test-method is-config="true" signature="setup()[pri:0, instance:ResponseHeaderTest@38c5cc4c]" started-at="2020-06-25T17:07:45 IST" name="setup" finished-at="2020-06-25T17:07:45 IST" duration-ms="235" status="PASS">
          <reporter-output>
          </reporter-output>
        </test-method> <!-- setup -->
        <test-method signature="contetTypeIsJson()[pri:0, instance:ResponseHeaderTest@38c5cc4c]" started-at="2020-06-25T17:07:45 IST" name="contetTypeIsJson" finished-at="2020-06-25T17:07:46 IST" duration-ms="957" status="PASS">
          <reporter-output>
          </reporter-output>
        </test-method> <!-- contetTypeIsJson -->
        <test-method signature="serverIsGitHub()[pri:0, instance:ResponseHeaderTest@38c5cc4c]" started-at="2020-06-25T17:07:46 IST" name="serverIsGitHub" finished-at="2020-06-25T17:07:48 IST" duration-ms="1798" status="PASS">
          <reporter-output>
          </reporter-output>
        </test-method> <!-- serverIsGitHub -->
        <test-method is-config="true" signature="tearDown()[pri:0, instance:ResponseHeaderTest@38c5cc4c]" started-at="2020-06-25T17:07:48 IST" name="tearDown" finished-at="2020-06-25T17:07:48 IST" duration-ms="4" status="PASS">
          <reporter-output>
          </reporter-output>
        </test-method> <!-- tearDown -->
      </class> <!-- ResponseHeaderTest -->
    </test> <!-- Default test -->
  </suite> <!-- Default suite -->
</testng-results>
